--- Copying files at Wed Nov  7 18:50:31 UTC 2018
INSTALLED init.groovy.d/tcp-slave-agent-port.groovy
--- Copying files at Thu Nov  8 16:58:12 UTC 2018
--- Copying files at Thu Nov  8 18:29:12 UTC 2018
--- Copying files at Thu Nov  8 23:07:26 UTC 2018
--- Copying files at Fri Nov  9 02:38:10 UTC 2018
INSTALLED plugins/token-macro.jpi : 2.5
INSTALLED plugins/github.jpi : 1.29.3
INSTALLED plugins/simple-theme-plugin.jpi : 0.5.1
INSTALLED plugins/htmlpublisher.jpi : 1.17
INSTALLED plugins/email-ext.jpi : 2.63
INSTALLED plugins/ssh-slaves.jpi : 1.28.1
INSTALLED java_cp/jaxb-core.jar
INSTALLED java_cp/jaxb-api.jar
INSTALLED java_cp/javax.activation.jar
INSTALLED java_cp/jaxb-impl.jar
--- Copying files at Fri Nov  9 10:56:58 UTC 2018
--- Copying files at Fri Nov  9 11:29:54 UTC 2018
--- Copying files at Fri Nov  9 13:00:58 UTC 2018
--- Copying files at Fri Nov  9 15:43:41 UTC 2018
--- Copying files at Fri Nov  9 17:25:16 UTC 2018
--- Copying files at Mon Nov 12 13:39:56 UTC 2018
--- Copying files at Mon Nov 12 14:12:45 UTC 2018
--- Copying files at Mon Nov 12 14:19:52 UTC 2018
--- Copying files at Mon Nov 12 14:46:18 UTC 2018
--- Copying files at Mon Nov 12 15:18:56 UTC 2018
--- Copying files at Mon Nov 12 16:14:59 UTC 2018
--- Copying files at Mon Nov 12 17:49:26 UTC 2018
--- Copying files at Mon Nov 12 18:50:43 UTC 2018
--- Copying files at Tue Nov 13 11:39:34 UTC 2018
